<?xml version="1.0" encoding="UTF-8"?>
<testsuite name="algorithm.problemsolving.ProblemSolvingTestTwo" tests="4" skipped="0" failures="0" errors="0" timestamp="2021-01-06T19:25:55" hostname="macs-MacBook-Pro.local" time="0.004">
  <properties/>
  <testcase name="testLetterShiftingReturnsRightLetterAfterShifting" classname="algorithm.problemsolving.ProblemSolvingTestTwo" time="0.0"/>
  <testcase name="testLetterShiftingThrowsExceptionWithErrorMessageWhenInputIsNotString" classname="algorithm.problemsolving.ProblemSolvingTestTwo" time="0.003"/>
  <testcase name="testLetterShiftingThrowsExceptionWhenInputIsNotString" classname="algorithm.problemsolving.ProblemSolvingTestTwo" time="0.0"/>
  <testcase name="testLetterShiftingReturnsRightLetterAfterCyclicShifting" classname="algorithm.problemsolving.ProblemSolvingTestTwo" time="0.0"/>
  <system-out><![CDATA[class java.lang.Exception
class java.lang.Exception
]]></system-out>
  <system-err><![CDATA[]]></system-err>
</testsuite>
