<?xml version="1.0" encoding="UTF-8"?>
<testsuite name="algorithm.whiteboarding.WhiteBoardingTest" tests="1" skipped="0" failures="0" errors="0" timestamp="2021-01-13T11:21:46" hostname="macs-MacBook-Pro.local" time="0.008">
  <properties/>
  <testcase name="testToReturnCorrectIndexOfNumber" classname="algorithm.whiteboarding.WhiteBoardingTest" time="0.008"/>
  <system-out><![CDATA[]]></system-out>
  <system-err><![CDATA[]]></system-err>
</testsuite>
